{
    "FunctionName": "hello-cli",
    "FunctionArn": "arn:aws:lambda:us-east-1:307923093587:function:hello-cli:1",
    "Runtime": "nodejs12.x",
    "Role": "arn:aws:iam::307923093587:role/lambda-exemplo",
    "Handler": "index.handler",
    "CodeSize": 322,
    "Description": "",
    "Timeout": 3,
    "MemorySize": 128,
    "LastModified": "2020-10-15T01:39:06.736+0000",
    "CodeSha256": "c6YoIcbhECaXtvnE/D9pTpCq5VoEXKCiW7jWlGjR6gs=",
    "Version": "1",
    "TracingConfig": {
        "Mode": "PassThrough"
    },
    "RevisionId": "dc6f3068-217d-4d2d-ab0d-3eca2f12e2cd",
    "State": "Active",
    "LastUpdateStatus": "Successful"
}
