{
    "FunctionName": "hello-cli",
    "FunctionArn": "arn:aws:lambda:us-east-1:307923093587:function:hello-cli",
    "Runtime": "nodejs12.x",
    "Role": "arn:aws:iam::307923093587:role/lambda-exemplo",
    "Handler": "index.handler",
    "CodeSize": 322,
    "Description": "",
    "Timeout": 3,
    "MemorySize": 128,
    "LastModified": "2020-10-15T01:31:47.635+0000",
    "CodeSha256": "4KAatigauxV+aVQin6c+eX2QhgTA//wGsh/Hc3TExlk=",
    "Version": "$LATEST",
    "TracingConfig": {
        "Mode": "PassThrough"
    },
    "RevisionId": "4a472a1c-716a-4a11-9165-0aa104e9632c",
    "State": "Active",
    "LastUpdateStatus": "Successful"
}
